1747053 - 2022-07-16 16:03:19,381 - Start time: 1657954999.380191
1747053 - 2022-07-16 16:03:19,617 - STP Output

Below STP output of my_sbox [1747053]
Valid.
Above STP output of my_sbox [1747053]
1747053 - 2022-07-16 16:03:19,880 - Final result

my_sbox : []
1747053 - 2022-07-16 16:03:20,046 - End time: 1657955000.045898
1747053 - 2022-07-16 16:03:20,051 - Time Taken in mins: 0.011095114549001058

1748956 - 2022-07-16 16:12:48,461 - Start time: 1657955568.4575398
1748957 - 2022-07-16 16:12:48,472 - Start time: 1657955568.4707506
1748958 - 2022-07-16 16:12:48,476 - Start time: 1657955568.4756896
1748960 - 2022-07-16 16:12:48,484 - Start time: 1657955568.483236
1748963 - 2022-07-16 16:12:48,496 - Start time: 1657955568.4949095
1748967 - 2022-07-16 16:12:48,503 - Start time: 1657955568.5025017
1748974 - 2022-07-16 16:12:48,509 - Start time: 1657955568.5079565
1748980 - 2022-07-16 16:12:48,523 - Start time: 1657955568.5222878
1748986 - 2022-07-16 16:12:48,531 - Start time: 1657955568.5298464
1748957 - 2022-07-16 16:12:49,213 - STP Output

1748956 - 2022-07-16 16:12:49,271 - STP Output

1748963 - 2022-07-16 16:12:49,775 - STP Output

1748960 - 2022-07-16 16:12:49,844 - STP Output

1748967 - 2022-07-16 16:12:52,408 - STP Output

1748986 - 2022-07-16 16:12:52,673 - STP Output

1748974 - 2022-07-16 16:12:56,302 - STP Output

1748980 - 2022-07-16 16:12:57,595 - STP Output

1748958 - 2022-07-16 16:13:19,392 - STP Output

Below STP output of T1G_6bit_apn_2lu [1748974]
Above STP output of T1G_6bit_apn_2lu [1748974]
1748974 - 2022-07-16 16:15:10,215 - Final result

T1G_6bit_apn_2lu : []
1748974 - 2022-07-16 16:15:10,415 - End time: 1657955710.4148402
1748974 - 2022-07-16 16:15:10,423 - Time Taken in mins: 2.3651147286097207

Below STP output of T1H_6bit_apn_6lu [1748980]
Above STP output of T1H_6bit_apn_6lu [1748980]
1748980 - 2022-07-16 16:15:20,776 - Final result

T1H_6bit_apn_6lu : []
1748980 - 2022-07-16 16:15:20,948 - End time: 1657955720.9480727
1748980 - 2022-07-16 16:15:20,955 - Time Taken in mins: 2.540429747104645

Below STP output of T1C_7bit_apn [1748958]
Above STP output of T1C_7bit_apn [1748958]
1748958 - 2022-07-16 16:22:34,563 - Final result

T1C_7bit_apn : []
1748958 - 2022-07-16 16:22:34,802 - End time: 1657956154.801968
1748958 - 2022-07-16 16:22:34,810 - Time Taken in mins: 9.772104640801748

1751457 - 2022-07-16 16:23:43,598 - Start time: 1657956223.5970824
1751457 - 2022-07-16 16:23:43,862 - STP Output

Below STP output of mysbox [1751457]
ASSERT( istrue_a5_b3_x2 = 0b0 );
ASSERT( istrue_a5_b3_x1 = 0b0 );
ASSERT( istrue_a5_b3_x0 = 0b0 );
ASSERT( istrue_a5_b2_x5 = 0b0 );
ASSERT( istrue_a5_b2_x4 = 0b1 );
ASSERT( istrue_a5_b2_x3 = 0b0 );
ASSERT( istrue_a5_b2_x2 = 0b1 );
ASSERT( istrue_a5_b2_x1 = 0b1 );
ASSERT( istrue_a5_b2_x0 = 0b0 );
ASSERT( istrue_a5_b1_x7 = 0b0 );
ASSERT( istrue_a5_b1_x6 = 0b1 );
ASSERT( istrue_a5_b1_x5 = 0b1 );
ASSERT( istrue_a5_b1_x4 = 0b0 );
ASSERT( istrue_a5_b1_x3 = 0b1 );
ASSERT( istrue_a5_b1_x1 = 0b0 );
ASSERT( istrue_a5_b1_x0 = 0b1 );
ASSERT( istrue_a5_b0_x7 = 0b0 );
ASSERT( istrue_a5_b0_x6 = 0b0 );
ASSERT( istrue_a5_b0_x5 = 0b0 );
ASSERT( istrue_a5_b0_x4 = 0b0 );
ASSERT( istrue_a5_b0_x3 = 0b0 );
ASSERT( istrue_a5_b0_x2 = 0b0 );
ASSERT( istrue_a5_b0_x1 = 0b0 );
ASSERT( istrue_a5_b0_x0 = 0b0 );
ASSERT( istrue_a4_b7_x7 = 0b0 );
ASSERT( istrue_a4_b7_x6 = 0b1 );
ASSERT( istrue_a4_b7_x5 = 0b0 );
ASSERT( istrue_a4_b7_x4 = 0b1 );
ASSERT( istrue_a4_b7_x3 = 0b0 );
ASSERT( istrue_a4_b7_x2 = 0b1 );
ASSERT( istrue_a4_b7_x0 = 0b1 );
ASSERT( istrue_a4_b6_x7 = 0b0 );
ASSERT( istrue_a4_b6_x5 = 0b0 );
ASSERT( istrue_a4_b6_x4 = 0b0 );
ASSERT( istrue_a4_b6_x3 = 0b0 );
ASSERT( istrue_a4_b6_x2 = 0b0 );
ASSERT( istrue_a4_b6_x1 = 0b0 );
ASSERT( istrue_a4_b6_x0 = 0b0 );
ASSERT( istrue_a4_b5_x7 = 0b0 );
ASSERT( istrue_a4_b5_x6 = 0b0 );
ASSERT( istrue_a4_b5_x5 = 0b0 );
ASSERT( istrue_a4_b5_x4 = 0b0 );
ASSERT( istrue_a4_b5_x3 = 0b0 );
ASSERT( istrue_a4_b5_x2 = 0b0 );
ASSERT( istrue_a4_b5_x1 = 0b0 );
ASSERT( istrue_a4_b5_x0 = 0b0 );
ASSERT( istrue_a4_b4_x7 = 0b1 );
ASSERT( istrue_a4_b4_x6 = 0b0 );
ASSERT( istrue_a4_b4_x5 = 0b1 );
ASSERT( istrue_a4_b4_x3 = 0b1 );
ASSERT( istrue_a4_b4_x2 = 0b0 );
ASSERT( istrue_a4_b4_x1 = 0b1 );
ASSERT( istrue_a4_b4_x0 = 0b0 );
ASSERT( istrue_a4_b3_x7 = 0b0 );
ASSERT( istrue_a4_b3_x6 = 0b0 );
ASSERT( istrue_a4_b3_x5 = 0b0 );
ASSERT( istrue_a4_b3_x4 = 0b0 );
ASSERT( istrue_a4_b3_x3 = 0b0 );
ASSERT( istrue_a4_b3_x2 = 0b0 );
ASSERT( istrue_a4_b3_x1 = 0b0 );
ASSERT( istrue_a4_b3_x0 = 0b0 );
ASSERT( istrue_a4_b2_x7 = 0b0 );
ASSERT( istrue_a4_b2_x6 = 0b0 );
ASSERT( istrue_a4_b2_x5 = 0b0 );
ASSERT( istrue_a4_b2_x4 = 0b0 );
ASSERT( istrue_a4_b2_x3 = 0b0 );
ASSERT( istrue_a4_b2_x2 = 0b0 );
ASSERT( istrue_a4_b2_x1 = 0b0 );
ASSERT( istruef_a3_b6 = 0b0 );
ASSERT( istrue_a2_b1_x0 = 0b0 );
ASSERT( istruef_a2_b5 = 0b0 );
ASSERT( istrue_a2_b0_x0 = 0b0 );
ASSERT( istruef_a1_b4 = 0b0 );
ASSERT( istrue_a1_b7_x0 = 0b0 );
ASSERT( istruef_a1_b2 = 0b0 );
ASSERT( istrue_a1_b6_x7 = 0b0 );
ASSERT( istruef_a1_b1 = 0b0 );
ASSERT( istrue_a7_b7_x7 = 0b0 );
ASSERT( istrue_a1_b6_x6 = 0b0 );
ASSERT( istruef_a1_b0 = 0b0 );
ASSERT( istrue_a7_b7_x6 = 0b0 );
ASSERT( istrue_a1_b6_x5 = 0b1 );
ASSERT( istrue_a1_b5_x4 = 0b0 );
ASSERT( istrue_a1_b5_x3 = 0b0 );
ASSERT( istrue_a1_b5_x2 = 0b0 );
ASSERT( istrue_a1_b5_x1 = 0b1 );
ASSERT( istrue_a1_b5_x0 = 0b1 );
ASSERT( istrue_a1_b4_x7 = 0b0 );
ASSERT( istrue_a1_b4_x6 = 0b0 );
ASSERT( istrue_a1_b4_x5 = 0b0 );
ASSERT( istrue_a1_b4_x4 = 0b0 );
ASSERT( istrue_a1_b4_x3 = 0b0 );
ASSERT( istrue_a1_b4_x2 = 0b0 );
ASSERT( istrue_a1_b4_x1 = 0b0 );
ASSERT( istrue_a1_b4_x0 = 0b0 );
ASSERT( istrue_a1_b3_x7 = 0b0 );
ASSERT( istrue_a1_b3_x6 = 0b0 );
ASSERT( istrue_a1_b3_x5 = 0b0 );
ASSERT( istrue_a1_b3_x4 = 0b0 );
ASSERT( istrue_a1_b3_x3 = 0b0 );
ASSERT( istrue_a1_b3_x2 = 0b0 );
ASSERT( istrue_a1_b3_x1 = 0b0 );
ASSERT( istrue_a1_b3_x0 = 0b0 );
ASSERT( istrue_a1_b2_x7 = 0b0 );
ASSERT( istrue_a1_b2_x6 = 0b0 );
ASSERT( istrue_a1_b2_x5 = 0b0 );
ASSERT( istrue_a1_b2_x4 = 0b0 );
ASSERT( istrue_a5_b1_x2 = 0b0 );
ASSERT( istrue_a1_b2_x3 = 0b0 );
ASSERT( istrue_a1_b2_x2 = 0b0 );
ASSERT( istrue_a1_b2_x1 = 0b0 );
ASSERT( istrue_a1_b2_x0 = 0b0 );
ASSERT( istrue_a1_b1_x7 = 0b0 );
ASSERT( istrue_a1_b1_x6 = 0b0 );
ASSERT( istrue_a1_b1_x4 = 0b0 );
ASSERT( istrue_a1_b1_x3 = 0b0 );
ASSERT( istrue_a0_b4_x1 = 0b0 );
ASSERT( istrue_a4_b0_x6 = 0b0 );
ASSERT( istrue_a0_b4_x0 = 0b0 );
ASSERT( istrue_a4_b0_x5 = 0b0 );
ASSERT( istrue_a0_b3_x7 = 0b0 );
ASSERT( istrue_a4_b0_x3 = 0b0 );
ASSERT( istrue_a0_b3_x6 = 0b0 );
ASSERT( istrue_a2_b1_x6 = 0b0 );
ASSERT( istrue_a0_b3_x5 = 0b0 );
ASSERT( istrue_a4_b0_x1 = 0b0 );
ASSERT( istrue_a2_b1_x5 = 0b0 );
ASSERT( istrue_a7_b7_x5 = 0b0 );
ASSERT( istrue_a0_b3_x4 = 0b0 );
ASSERT( istrue_a4_b0_x0 = 0b0 );
ASSERT( istruef_a4_b2 = 0b0 );
ASSERT( istrue_a2_b1_x4 = 0b0 );
ASSERT( istrue_a7_b7_x4 = 0b0 );
ASSERT( istruef_a0_b6 = 0b0 );
ASSERT( istrue_a0_b3_x3 = 0b0 );
ASSERT( istruef_a4_b1 = 0b0 );
ASSERT( istrue_a2_b1_x3 = 0b0 );
ASSERT( istrue_a7_b7_x3 = 0b0 );
ASSERT( istruef_a0_b5 = 0b0 );
ASSERT( istrue_a3_b7_x7 = 0b0 );
ASSERT( istruef_a4_b0 = 0b0 );
ASSERT( istrue_a2_b1_x2 = 0b0 );
ASSERT( istrue_a7_b7_x2 = 0b0 );
ASSERT( istruef_a0_b4 = 0b0 );
ASSERT( istrue_a0_b3_x1 = 0b0 );
ASSERT( istrue_a3_b7_x6 = 0b0 );
ASSERT( istrue_a2_b1_x1 = 0b0 );
ASSERT( istrue_a7_b7_x1 = 0b0 );
ASSERT( istruef_a0_b3 = 0b0 );
ASSERT( istrue_a0_b3_x0 = 0b0 );
ASSERT( istrue_a3_b7_x3 = 0b0 );
ASSERT( istruef_a3_b4 = 0b0 );
ASSERT( istrue_a2_b0_x7 = 0b0 );
ASSERT( istrue_a7_b6_x7 = 0b1 );
ASSERT( istruef_a0_b0 = 0b0 );
ASSERT( istrue_a0_b2_x6 = 0b0 );
ASSERT( istrue_a3_b7_x2 = 0b0 );
ASSERT( istrue_a1_b1_x2 = 0b0 );
ASSERT( istruef_a3_b3 = 0b0 );
ASSERT( istrue_a2_b0_x6 = 0b0 );
ASSERT( istrue_a7_b6_x6 = 0b1 );
ASSERT( total_freq = 0b0001101 );
ASSERT( istrue_a0_b2_x5 = 0b0 );
ASSERT( istrue_a3_b7_x1 = 0b0 );
ASSERT( istrue_a1_b1_x1 = 0b0 );
ASSERT( istrue_a0_b4_x2 = 0b0 );
ASSERT( istrue_a4_b0_x7 = 0b0 );
ASSERT( istruef_a1_b5 = 0b1 );
ASSERT( istrue_a1_b7_x1 = 0b0 );
ASSERT( istrue_a7_b5_x1 = 0b0 );
ASSERT( istrue_a0_b1_x0 = 0b0 );
ASSERT( istruef_a3_b2 = 0b1 );
ASSERT( istrue_a2_b0_x5 = 0b0 );
ASSERT( istrue_a7_b6_x5 = 0b0 );
ASSERT( istrue_a0_b2_x4 = 0b0 );
ASSERT( istrue_a3_b7_x0 = 0b0 );
ASSERT( istrue_a1_b1_x0 = 0b0 );
ASSERT( istrue_a0_b4_x3 = 0b0 );
ASSERT( istruef_a1_b6 = 0b1 );
ASSERT( istrue_a1_b7_x2 = 0b0 );
ASSERT( istrue_a7_b5_x2 = 0b1 );
ASSERT( istrue_a0_b1_x1 = 0b0 );
ASSERT( istrue_a3_b5_x6 = 0b0 );
ASSERT( istrue_a0_b4_x4 = 0b0 );
ASSERT( istrue_a4_b1_x0 = 0b0 );
ASSERT( istruef_a1_b7 = 0b0 );
ASSERT( istrue_a1_b7_x3 = 0b0 );
ASSERT( istrue_a7_b5_x3 = 0b1 );
ASSERT( istrue_a0_b1_x2 = 0b0 );
ASSERT( istrue_a3_b5_x7 = 0b0 );
ASSERT( istruef_a2_b0 = 0b0 );
ASSERT( istrue_a1_b7_x4 = 0b0 );
ASSERT( istrue_a7_b5_x4 = 0b1 );
ASSERT( istrue_a0_b1_x3 = 0b0 );
ASSERT( istruef_a2_b1 = 0b0 );
ASSERT( istrue_a1_b7_x5 = 0b0 );
ASSERT( istrue_a7_b5_x5 = 0b1 );
ASSERT( istrue_a0_b1_x4 = 0b0 );
ASSERT( istrue_a3_b6_x0 = 0b0 );
ASSERT( istrue_a1_b0_x0 = 0b0 );
ASSERT( istrue_a7_b5_x6 = 0b0 );
ASSERT( istrue_a0_b1_x5 = 0b0 );
ASSERT( istrue_a3_b6_x1 = 0b0 );
ASSERT( istrue_a1_b0_x1 = 0b0 );
ASSERT( istrue_a1_b7_x7 = 0b0 );
ASSERT( istrue_a7_b5_x7 = 0b0 );
ASSERT( istrue_a0_b1_x6 = 0b0 );
ASSERT( istrue_a1_b0_x2 = 0b0 );
ASSERT( istrue_a3_b6_x3 = 0b0 );
ASSERT( y7 = 0b110 );
ASSERT( istrue_a1_b0_x3 = 0b0 );
ASSERT( istruef_a2_b6 = 0b0 );
ASSERT( istrue_a2_b0_x1 = 0b0 );
ASSERT( istrue_a7_b6_x1 = 0b1 );
ASSERT( istrue_a0_b2_x0 = 0b0 );
ASSERT( istrue_a3_b6_x5 = 0b0 );
ASSERT( b7 = 0b111 );
ASSERT( istrue_a1_b0_x5 = 0b0 );
ASSERT( istrue_a7_b6_x2 = 0b0 );
ASSERT( istrue_a0_b2_x1 = 0b0 );
ASSERT( istrue_a3_b6_x6 = 0b0 );
ASSERT( istrue_a1_b0_x6 = 0b0 );
ASSERT( istruef_a3_b0 = 0b0 );
ASSERT( istrue_a2_b0_x3 = 0b0 );
ASSERT( istrue_a7_b6_x3 = 0b0 );
ASSERT( istrue_a0_b2_x2 = 0b0 );
ASSERT( istrue_a3_b6_x7 = 0b0 );
ASSERT( istrue_a1_b0_x7 = 0b0 );
ASSERT( istrue_a2_b0_x4 = 0b0 );
ASSERT( istrue_a7_b6_x4 = 0b0 );
ASSERT( istrue_a0_b2_x3 = 0b0 );
ASSERT( istrue_a0_b4_x5 = 0b0 );
ASSERT( istruef_a3_b7 = 0b0 );
ASSERT( istrue_a4_b1_x1 = 0b0 );
ASSERT( istrue_a0_b4_x6 = 0b0 );
ASSERT( istrue_a4_b1_x2 = 0b0 );
ASSERT( istrue_a0_b4_x7 = 0b0 );
ASSERT( istrue_a4_b1_x3 = 0b0 );
ASSERT( istrue_a0_b5_x0 = 0b0 );
ASSERT( istrue_a4_b1_x5 = 0b0 );
ASSERT( istrue_a0_b5_x1 = 0b0 );
ASSERT( istrue_a4_b1_x6 = 0b0 );
ASSERT( istrue_a0_b5_x2 = 0b0 );
ASSERT( istrue_a4_b1_x7 = 0b0 );
ASSERT( istrue_a0_b5_x3 = 0b0 );
ASSERT( istrue_a0_b5_x4 = 0b0 );
ASSERT( istrue_a4_b2_x0 = 0b0 );
ASSERT( istruef_a2_b3 = 0b0 );
ASSERT( istrue_a0_b5_x5 = 0b0 );
ASSERT( istrue_a0_b5_x6 = 0b0 );
ASSERT( istrue_a0_b5_x7 = 0b0 );
ASSERT( istrue_a0_b6_x0 = 0b0 );
ASSERT( istrue_a0_b6_x1 = 0b0 );
ASSERT( istrue_a0_b6_x2 = 0b0 );
ASSERT( istrue_a0_b6_x3 = 0b0 );
ASSERT( istrue_a0_b6_x4 = 0b0 );
ASSERT( istrue_a0_b6_x5 = 0b0 );
ASSERT( istrue_a0_b6_x6 = 0b0 );
ASSERT( istrue_a0_b6_x7 = 0b0 );
ASSERT( istrue_a1_b0_x4 = 0b0 );
ASSERT( istrue_a0_b1_x7 = 0b0 );
ASSERT( ddt_a7_b6 = 0x4 );
ASSERT( ddt_a7_b4 = 0x0 );
ASSERT( istruef_a2_b7 = 0b1 );
ASSERT( istrue_a2_b0_x2 = 0b0 );
ASSERT( istrue_a1_b6_x2 = 0b1 );
ASSERT( ddt_a7_b3 = 0x0 );
ASSERT( ddt_a7_b2 = 0x0 );
ASSERT( ddt_a7_b5 = 0x4 );
ASSERT( istrue_a0_b0_x7 = 0b1 );
ASSERT( ddt_a7_b0 = 0x0 );
ASSERT( istrue_a3_b5_x3 = 0b0 );
ASSERT( x5 = 0b101 );
ASSERT( ddt_a6_b1 = 0x0 );
ASSERT( ddt_a6_b0 = 0x0 );
ASSERT( ddt_a5_b7 = 0x0 );
ASSERT( istrue_a0_b0_x0 = 0b1 );
ASSERT( ddt_a5_b6 = 0x0 );
ASSERT( ddt_a4_b5 = 0x0 );
ASSERT( ddt_a4_b3 = 0x0 );
ASSERT( ddt_a4_b2 = 0x0 );
ASSERT( ddt_a4_b1 = 0x0 );
ASSERT( ddt_a4_b0 = 0x0 );
ASSERT( ddt_a3_b4 = 0x0 );
ASSERT( b1 = 0b001 );
ASSERT( x4 = 0b100 );
ASSERT( ddt_a3_b2 = 0x4 );
ASSERT( istrue_a5_b2_x7 = 0b1 );
ASSERT( x1 = 0b001 );
ASSERT( ddt_a3_b3 = 0x0 );
ASSERT( ddt_a3_b1 = 0x4 );
ASSERT( ddt_a7_b1 = 0x0 );
ASSERT( istrue_a0_b0_x4 = 0b1 );
ASSERT( ddt_a2_b7 = 0x4 );
ASSERT( ddt_a2_b5 = 0x0 );
ASSERT( istrue_a1_b6_x1 = 0b0 );
ASSERT( istrue_a3_b1_x4 = 0b1 );
ASSERT( ddt_a1_b3 = 0x0 );
ASSERT( istrue_a1_b6_x4 = 0b1 );
ASSERT( istrue_a3_b0_x4 = 0b0 );
ASSERT( ddt_a1_b2 = 0x0 );
ASSERT( ddt_a1_b1 = 0x0 );
ASSERT( ddt_a0_b5 = 0x0 );
ASSERT( istrue_a4_b1_x4 = 0b0 );
ASSERT( ddt_a0_b4 = 0x0 );
ASSERT( istruef_a3_b1 = 0b1 );
ASSERT( istrue_a4_b0_x4 = 0b0 );
ASSERT( istrue_a3_b4_x3 = 0b0 );
ASSERT( b2 = 0b010 );
ASSERT( ddt_a6_b7 = 0x0 );
ASSERT( ddt_a0_b3 = 0x0 );
ASSERT( istrue_a3_b7_x4 = 0b0 );
ASSERT( istrue_a3_b3_x3 = 0b0 );
ASSERT( a0 = 0b000 );
ASSERT( istrue_a3_b1_x3 = 0b0 );
ASSERT( istrue_a1_b5_x6 = 0b1 );
ASSERT( ddt_a0_b2 = 0x0 );
ASSERT( istruef_a0_b7 = 0b0 );
ASSERT( istrue_a3_b6_x4 = 0b0 );
ASSERT( a7 = 0b111 );
ASSERT( ddt_a3_b0 = 0x0 );
ASSERT( istrue_a3_b2_x3 = 0b1 );
ASSERT( ddt_a6_b5 = 0x0 );
ASSERT( istrue_a3_b0_x3 = 0b0 );
ASSERT( ddt_a0_b1 = 0x0 );
ASSERT( ddt_a0_b0 = 0x8 );
ASSERT( ddt_a5_b5 = 0x0 );
ASSERT( istrue_a1_b6_x3 = 0b1 );
ASSERT( ddt_a1_b0 = 0x0 );
ASSERT( ddt_a1_b6 = 0x4 );
ASSERT( istruef_a0_b2 = 0b0 );
ASSERT( istrue_a7_b7_x0 = 0b0 );
ASSERT( ddt_a4_b7 = 0x4 );
ASSERT( ddt_a2_b3 = 0x0 );
ASSERT( ddt_a6_b3 = 0x8 );
ASSERT( istrue_a2_b6_x3 = 0b0 );
ASSERT( istrue_a3_b4_x4 = 0b0 );
ASSERT( x3 = 0b011 );
ASSERT( istrue_a3_b5_x4 = 0b0 );
ASSERT( istrue_a5_b3_x3 = 0b0 );
ASSERT( y2 = 0b100 );
ASSERT( istrue_a3_b4_x1 = 0b0 );
ASSERT( b0 = 0b000 );
ASSERT( istrue_a3_b3_x4 = 0b0 );
ASSERT( istrue_a5_b2_x6 = 0b0 );
ASSERT( istrue_a3_b2_x4 = 0b0 );
ASSERT( ddt_a1_b4 = 0x0 );
ASSERT( ddt_a3_b6 = 0x0 );
ASSERT( ddt_a1_b5 = 0x4 );
ASSERT( istrue_a0_b2_x7 = 0b0 );
ASSERT( ddt_a7_b7 = 0x0 );
ASSERT( istruef_a0_b1 = 0b0 );
ASSERT( ddt_a5_b1 = 0x4 );
ASSERT( istruef_a7_b0 = 0b0 );
ASSERT( ddt_a2_b4 = 0x4 );
ASSERT( istrue_a0_b7_x0 = 0b0 );
ASSERT( istrue_a0_b7_x4 = 0b0 );
ASSERT( istrue_a3_b5_x0 = 0b0 );
ASSERT( y4 = 0b111 );
ASSERT( ddt_a5_b4 = 0x0 );
ASSERT( istrue_a3_b4_x6 = 0b0 );
ASSERT( a3 = 0b011 );
ASSERT( istrue_a1_b5_x7 = 0b1 );
ASSERT( istrue_a1_b6_x0 = 0b0 );
ASSERT( istrue_a4_b7_x1 = 0b0 );
ASSERT( ddt_a5_b2 = 0x4 );
ASSERT( y3 = 0b010 );
ASSERT( ddt_a0_b7 = 0x0 );
ASSERT( ddt_a2_b2 = 0x0 );
ASSERT( istrue_a3_b1_x7 = 0b1 );
ASSERT( istrue_a3_b1_x6 = 0b0 );
ASSERT( istrue_a3_b3_x0 = 0b0 );
ASSERT( x2 = 0b010 );
ASSERT( istrue_a3_b4_x0 = 0b0 );
ASSERT( istrue_a3_b1_x0 = 0b0 );
ASSERT( istrue_a3_b3_x2 = 0b0 );
ASSERT( y0 = 0b000 );
ASSERT( a2 = 0b010 );
ASSERT( istrue_a3_b1_x2 = 0b1 );
ASSERT( ddt_a5_b0 = 0x0 );
ASSERT( istrue_a3_b2_x5 = 0b1 );
ASSERT( istrue_a3_b0_x5 = 0b0 );
ASSERT( ddt_a0_b6 = 0x0 );
ASSERT( istrue_a3_b2_x7 = 0b0 );
ASSERT( a1 = 0b001 );
ASSERT( istrue_a3_b3_x7 = 0b0 );
ASSERT( istrue_a3_b0_x7 = 0b0 );
ASSERT( istrue_a4_b6_x6 = 0b0 );
ASSERT( istrue_a1_b5_x5 = 0b0 );
ASSERT( ddt_a6_b4 = 0x0 );
ASSERT( istrue_a2_b7_x3 = 0b1 );
ASSERT( istrue_a3_b2_x1 = 0b0 );
ASSERT( x0 = 0b000 );
ASSERT( istrue_a3_b3_x1 = 0b0 );
ASSERT( istrue_a3_b0_x1 = 0b0 );
ASSERT( ddt_a2_b1 = 0x0 );
ASSERT( ddt_a4_b6 = 0x0 );
ASSERT( istrue_a3_b2_x2 = 0b0 );
ASSERT( istrue_a3_b0_x2 = 0b0 );
ASSERT( istrue_a3_b2_x6 = 0b1 );
ASSERT( y1 = 0b101 );
ASSERT( istrue_a3_b3_x6 = 0b0 );
ASSERT( istrue_a3_b0_x6 = 0b0 );
ASSERT( istrue_a3_b1_x1 = 0b1 );
ASSERT( istrue_a3_b1_x5 = 0b0 );
ASSERT( istrue_a3_b2_x0 = 0b1 );
ASSERT( istrue_a0_b0_x1 = 0b1 );
ASSERT( istrue_a0_b0_x2 = 0b1 );
ASSERT( istrue_a3_b4_x7 = 0b0 );
ASSERT( b3 = 0b011 );
ASSERT( istrue_a0_b0_x3 = 0b1 );
ASSERT( ddt_a5_b3 = 0x0 );
ASSERT( istrue_a0_b0_x5 = 0b1 );
ASSERT( istrue_a3_b5_x1 = 0b0 );
ASSERT( a4 = 0b100 );
ASSERT( istrue_a0_b0_x6 = 0b1 );
ASSERT( istrue_a3_b5_x2 = 0b0 );
ASSERT( b4 = 0b100 );
ASSERT( ddt_a1_b7 = 0x0 );
ASSERT( istrue_a0_b7_x1 = 0b0 );
ASSERT( istrue_a0_b7_x2 = 0b0 );
ASSERT( istrue_a0_b7_x3 = 0b0 );
ASSERT( ddt_a4_b4 = 0x4 );
ASSERT( ddt_a6_b2 = 0x0 );
ASSERT( istrue_a2_b5_x3 = 0b0 );
ASSERT( istrue_a0_b7_x5 = 0b0 );
ASSERT( istrue_a0_b7_x6 = 0b0 );
ASSERT( ddt_a2_b6 = 0x0 );
ASSERT( istrue_a0_b7_x7 = 0b0 );
ASSERT( istrue_a4_b4_x4 = 0b0 );
ASSERT( istruef_a7_b5 = 0b1 );
ASSERT( istruef_a2_b2 = 0b0 );
ASSERT( istrue_a1_b7_x6 = 0b0 );
ASSERT( istrue_a2_b4_x1 = 0b0 );
ASSERT( istruef_a7_b2 = 0b0 );
ASSERT( istrue_a2_b4_x3 = 0b0 );
ASSERT( istruef_a7_b4 = 0b0 );
ASSERT( istrue_a2_b3_x6 = 0b0 );
ASSERT( S[0b110] = 0b011 );
ASSERT( istruef_a6_b6 = 0b0 );
ASSERT( istrue_a3_b0_x0 = 0b0 );
ASSERT( istrue_a2_b7_x7 = 0b1 );
ASSERT( istrue_a2_b7_x6 = 0b0 );
ASSERT( istrue_a2_b7_x5 = 0b1 );
ASSERT( istrue_a2_b7_x4 = 0b0 );
ASSERT( istrue_a2_b7_x2 = 0b0 );
ASSERT( istrue_a2_b7_x1 = 0b1 );
ASSERT( ddt_a6_b6 = 0x0 );
ASSERT( istrue_a2_b7_x0 = 0b0 );
ASSERT( istrue_a2_b6_x7 = 0b0 );
ASSERT( istrue_a2_b6_x6 = 0b0 );
ASSERT( istrue_a2_b6_x5 = 0b0 );
ASSERT( istrue_a2_b6_x4 = 0b0 );
ASSERT( istrue_a2_b6_x1 = 0b0 );
ASSERT( istrue_a2_b6_x0 = 0b0 );
ASSERT( istrue_a2_b5_x7 = 0b0 );
ASSERT( istrue_a2_b5_x6 = 0b0 );
ASSERT( istrue_a2_b5_x5 = 0b0 );
ASSERT( istrue_a2_b5_x4 = 0b0 );
ASSERT( istrue_a2_b5_x2 = 0b0 );
ASSERT( istrue_a2_b5_x1 = 0b0 );
ASSERT( istrue_a2_b5_x0 = 0b0 );
ASSERT( istrue_a2_b4_x7 = 0b0 );
ASSERT( istruef_a7_b7 = 0b0 );
ASSERT( istrue_a2_b4_x6 = 0b1 );
ASSERT( istruef_a7_b6 = 0b1 );
ASSERT( istrue_a2_b4_x5 = 0b0 );
ASSERT( istrue_a2_b4_x4 = 0b1 );
ASSERT( istruef_a7_b3 = 0b0 );
ASSERT( istrue_a2_b4_x2 = 0b1 );
ASSERT( istruef_a7_b1 = 0b0 );
ASSERT( istrue_a2_b4_x0 = 0b1 );
ASSERT( istruef_a6_b7 = 0b0 );
ASSERT( istrue_a2_b3_x7 = 0b0 );
ASSERT( S[0b111] = 0b110 );
ASSERT( istruef_a6_b5 = 0b0 );
ASSERT( istrue_a2_b3_x5 = 0b0 );
ASSERT( S[0b101] = 0b001 );
ASSERT( istruef_a6_b4 = 0b0 );
ASSERT( istrue_a2_b3_x4 = 0b0 );
ASSERT( S[0b100] = 0b111 );
ASSERT( istrue_a2_b3_x3 = 0b0 );
ASSERT( S[0b011] = 0b010 );
ASSERT( istruef_a6_b3 = 0b1 );
ASSERT( istrue_a2_b3_x2 = 0b0 );
ASSERT( S[0b010] = 0b100 );
ASSERT( istrue_a2_b3_x1 = 0b0 );
ASSERT( S[0b001] = 0b101 );
ASSERT( istrue_a2_b3_x0 = 0b0 );
ASSERT( istruef_a6_b0 = 0b0 );
ASSERT( istrue_a2_b2_x7 = 0b0 );
ASSERT( istruef_a5_b6 = 0b0 );
ASSERT( istrue_a2_b2_x6 = 0b0 );
ASSERT( istruef_a5_b5 = 0b0 );
ASSERT( istrue_a2_b2_x5 = 0b0 );
ASSERT( istruef_a5_b4 = 0b0 );
ASSERT( istruef_a5_b3 = 0b0 );
ASSERT( istrue_a2_b2_x4 = 0b0 );
ASSERT( istrue_a2_b2_x3 = 0b0 );
ASSERT( istrue_a2_b2_x2 = 0b0 );
ASSERT( istrue_a2_b2_x1 = 0b0 );
ASSERT( istrue_a2_b2_x0 = 0b0 );
ASSERT( istrue_a2_b1_x7 = 0b0 );
ASSERT( istrue_a5_b3_x4 = 0b0 );
ASSERT( istrue_a5_b3_x5 = 0b0 );
ASSERT( istrue_a5_b3_x6 = 0b0 );
ASSERT( istrue_a5_b3_x7 = 0b0 );
ASSERT( istrue_a5_b4_x0 = 0b0 );
ASSERT( istrue_a5_b4_x1 = 0b0 );
ASSERT( istrue_a5_b4_x2 = 0b0 );
ASSERT( istrue_a5_b4_x3 = 0b0 );
ASSERT( istrue_a5_b4_x4 = 0b0 );
ASSERT( istrue_a5_b4_x5 = 0b0 );
ASSERT( istrue_a5_b4_x6 = 0b0 );
ASSERT( istrue_a5_b4_x7 = 0b0 );
ASSERT( istrue_a5_b5_x0 = 0b0 );
ASSERT( istrue_a5_b5_x1 = 0b0 );
ASSERT( istrue_a5_b5_x2 = 0b0 );
ASSERT( istrue_a5_b5_x3 = 0b0 );
ASSERT( istrue_a5_b5_x4 = 0b0 );
ASSERT( istrue_a5_b5_x5 = 0b0 );
ASSERT( istrue_a5_b5_x6 = 0b0 );
ASSERT( istrue_a5_b5_x7 = 0b0 );
ASSERT( istrue_a5_b6_x0 = 0b0 );
ASSERT( istrue_a5_b6_x1 = 0b0 );
ASSERT( istrue_a5_b6_x2 = 0b0 );
ASSERT( istrue_a5_b6_x3 = 0b0 );
ASSERT( istrue_a5_b6_x4 = 0b0 );
ASSERT( istrue_a5_b6_x5 = 0b0 );
ASSERT( istrue_a5_b6_x6 = 0b0 );
ASSERT( istrue_a5_b6_x7 = 0b0 );
ASSERT( istrue_a5_b7_x0 = 0b0 );
ASSERT( istrue_a5_b7_x1 = 0b0 );
ASSERT( istrue_a5_b7_x2 = 0b0 );
ASSERT( istrue_a5_b7_x3 = 0b0 );
ASSERT( istrue_a5_b7_x4 = 0b0 );
ASSERT( istrue_a5_b7_x5 = 0b0 );
ASSERT( Sinv[0b000] = 0b000 );
ASSERT( istrue_a5_b7_x6 = 0b0 );
ASSERT( Sinv[0b010] = 0b011 );
ASSERT( istrue_a5_b7_x7 = 0b0 );
ASSERT( Sinv[0b011] = 0b110 );
ASSERT( istrue_a6_b0_x0 = 0b0 );
ASSERT( istrue_a6_b0_x1 = 0b0 );
ASSERT( istrue_a6_b0_x2 = 0b0 );
ASSERT( istrue_a6_b0_x3 = 0b0 );
ASSERT( istrue_a6_b0_x4 = 0b0 );
ASSERT( istrue_a6_b0_x5 = 0b0 );
ASSERT( istrue_a6_b0_x6 = 0b0 );
ASSERT( istrue_a6_b0_x7 = 0b0 );
ASSERT( istrue_a6_b1_x0 = 0b0 );
ASSERT( istrue_a6_b1_x1 = 0b0 );
ASSERT( istrue_a6_b1_x2 = 0b0 );
ASSERT( istrue_a6_b1_x3 = 0b0 );
ASSERT( istrue_a6_b1_x4 = 0b0 );
ASSERT( istrue_a6_b1_x5 = 0b0 );
ASSERT( istrue_a6_b1_x6 = 0b0 );
ASSERT( istrue_a6_b1_x7 = 0b0 );
ASSERT( istrue_a6_b2_x0 = 0b0 );
ASSERT( istrue_a6_b2_x1 = 0b0 );
ASSERT( istrue_a6_b2_x2 = 0b0 );
ASSERT( istrue_a6_b2_x3 = 0b0 );
ASSERT( istrue_a6_b2_x4 = 0b0 );
ASSERT( istrue_a6_b2_x5 = 0b0 );
ASSERT( istrue_a6_b2_x6 = 0b0 );
ASSERT( istrue_a6_b2_x7 = 0b0 );
ASSERT( istrue_a6_b3_x0 = 0b1 );
ASSERT( istrue_a6_b3_x1 = 0b1 );
ASSERT( istrue_a6_b3_x2 = 0b1 );
ASSERT( istrue_a6_b3_x3 = 0b1 );
ASSERT( istrue_a6_b3_x4 = 0b1 );
ASSERT( istrue_a6_b3_x5 = 0b1 );
ASSERT( istrue_a6_b3_x6 = 0b1 );
ASSERT( istrue_a6_b3_x7 = 0b1 );
ASSERT( istrue_a6_b4_x0 = 0b0 );
ASSERT( istrue_a6_b4_x1 = 0b0 );
ASSERT( istrue_a6_b4_x2 = 0b0 );
ASSERT( istrue_a6_b4_x3 = 0b0 );
ASSERT( istrue_a6_b4_x4 = 0b0 );
ASSERT( istrue_a6_b4_x5 = 0b0 );
ASSERT( istrue_a6_b4_x6 = 0b0 );
ASSERT( istrue_a6_b4_x7 = 0b0 );
ASSERT( istrue_a6_b5_x0 = 0b0 );
ASSERT( istrue_a6_b5_x1 = 0b0 );
ASSERT( istrue_a6_b5_x2 = 0b0 );
ASSERT( istrue_a6_b5_x3 = 0b0 );
ASSERT( istrue_a6_b5_x4 = 0b0 );
ASSERT( istrue_a6_b5_x5 = 0b0 );
ASSERT( istrue_a6_b5_x6 = 0b0 );
ASSERT( istrue_a6_b5_x7 = 0b0 );
ASSERT( istrue_a6_b6_x0 = 0b0 );
ASSERT( istrue_a6_b6_x1 = 0b0 );
ASSERT( istrue_a6_b6_x2 = 0b0 );
ASSERT( istrue_a6_b6_x3 = 0b0 );
ASSERT( istrue_a6_b6_x4 = 0b0 );
ASSERT( istrue_a6_b6_x5 = 0b0 );
ASSERT( istrue_a6_b6_x6 = 0b0 );
ASSERT( istrue_a6_b6_x7 = 0b0 );
ASSERT( istrue_a6_b7_x0 = 0b0 );
ASSERT( istrue_a6_b7_x1 = 0b0 );
ASSERT( istrue_a6_b7_x2 = 0b0 );
ASSERT( istrue_a6_b7_x3 = 0b0 );
ASSERT( istrue_a6_b7_x4 = 0b0 );
ASSERT( istrue_a6_b7_x5 = 0b0 );
ASSERT( istrue_a6_b7_x6 = 0b0 );
ASSERT( istrue_a6_b7_x7 = 0b0 );
ASSERT( istrue_a7_b0_x0 = 0b0 );
ASSERT( istrue_a7_b0_x1 = 0b0 );
ASSERT( istrue_a7_b0_x2 = 0b0 );
ASSERT( istrue_a7_b0_x3 = 0b0 );
ASSERT( istrue_a7_b0_x4 = 0b0 );
ASSERT( istrue_a7_b0_x5 = 0b0 );
ASSERT( istrue_a7_b0_x6 = 0b0 );
ASSERT( istrue_a7_b0_x7 = 0b0 );
ASSERT( istrue_a7_b1_x0 = 0b0 );
ASSERT( istrue_a7_b1_x1 = 0b0 );
ASSERT( istrue_a7_b1_x2 = 0b0 );
ASSERT( istrue_a7_b1_x3 = 0b0 );
ASSERT( istrue_a7_b1_x4 = 0b0 );
ASSERT( istrue_a7_b1_x5 = 0b0 );
ASSERT( istrue_a7_b1_x6 = 0b0 );
ASSERT( istrue_a7_b1_x7 = 0b0 );
ASSERT( istrue_a7_b2_x0 = 0b0 );
ASSERT( istrue_a7_b2_x1 = 0b0 );
ASSERT( istrue_a7_b2_x2 = 0b0 );
ASSERT( istrue_a7_b2_x3 = 0b0 );
ASSERT( istrue_a7_b2_x4 = 0b0 );
ASSERT( istrue_a7_b2_x5 = 0b0 );
ASSERT( istrue_a7_b2_x6 = 0b0 );
ASSERT( istrue_a7_b2_x7 = 0b0 );
ASSERT( istrue_a7_b3_x0 = 0b0 );
ASSERT( istrue_a7_b3_x1 = 0b0 );
ASSERT( istrue_a7_b3_x2 = 0b0 );
ASSERT( istrue_a7_b3_x3 = 0b0 );
ASSERT( istrue_a7_b3_x4 = 0b0 );
ASSERT( istrue_a7_b3_x5 = 0b0 );
ASSERT( istrue_a7_b3_x6 = 0b0 );
ASSERT( istrue_a7_b3_x7 = 0b0 );
ASSERT( istrue_a7_b4_x0 = 0b0 );
ASSERT( istrue_a7_b4_x1 = 0b0 );
ASSERT( istrue_a7_b4_x2 = 0b0 );
ASSERT( istrue_a7_b4_x3 = 0b0 );
ASSERT( istrue_a7_b4_x4 = 0b0 );
ASSERT( istrue_a7_b4_x5 = 0b0 );
ASSERT( istrue_a7_b4_x6 = 0b0 );
ASSERT( istrue_a7_b4_x7 = 0b0 );
ASSERT( istrue_a7_b5_x0 = 0b0 );
ASSERT( istrue_a7_b6_x0 = 0b1 );
ASSERT( istruef_a1_b3 = 0b0 );
ASSERT( istruef_a2_b4 = 0b1 );
ASSERT( istruef_a3_b5 = 0b0 );
ASSERT( istruef_a5_b7 = 0b0 );
ASSERT( S[0b000] = 0b000 );
ASSERT( Sinv[0b101] = 0b001 );
ASSERT( istruef_a6_b1 = 0b0 );
ASSERT( Sinv[0b100] = 0b010 );
ASSERT( Sinv[0b111] = 0b100 );
ASSERT( istruef_a6_b2 = 0b0 );
ASSERT( Sinv[0b001] = 0b101 );
ASSERT( istrue_a2_b6_x2 = 0b0 );
ASSERT( Sinv[0b110] = 0b111 );
ASSERT( x6 = 0b110 );
ASSERT( y5 = 0b001 );
ASSERT( a5 = 0b101 );
ASSERT( istrue_a3_b5_x5 = 0b0 );
ASSERT( b5 = 0b101 );
ASSERT( y6 = 0b011 );
ASSERT( a6 = 0b110 );
ASSERT( b6 = 0b110 );
ASSERT( x7 = 0b111 );
ASSERT( istrue_a3_b6_x2 = 0b0 );
ASSERT( istruef_a4_b3 = 0b0 );
ASSERT( istruef_a4_b4 = 0b1 );
ASSERT( istruef_a4_b5 = 0b0 );
ASSERT( istruef_a4_b6 = 0b0 );
ASSERT( istruef_a4_b7 = 0b1 );
ASSERT( istruef_a5_b0 = 0b0 );
ASSERT( istruef_a5_b1 = 0b1 );
ASSERT( istruef_a5_b2 = 0b1 );
ASSERT( istrue_a3_b3_x5 = 0b0 );
ASSERT( istrue_a3_b4_x2 = 0b0 );
ASSERT( ddt_a3_b5 = 0x0 );
ASSERT( ddt_a3_b7 = 0x0 );
ASSERT( istrue_a3_b7_x5 = 0b0 );
ASSERT( istrue_a4_b0_x2 = 0b0 );
ASSERT( istrue_a0_b3_x2 = 0b0 );
ASSERT( istrue_a1_b1_x5 = 0b0 );
ASSERT( ddt_a2_b0 = 0x0 );
ASSERT( istrue_a3_b4_x5 = 0b0 );
Invalid.
Above STP output of mysbox [1751457]
1751457 - 2022-07-16 16:23:44,420 - Final result

mysbox : [0, 5, 4, 2, 7, 1, 3, 6]
1751457 - 2022-07-16 16:23:44,601 - End time: 1657956224.6012707
1751457 - 2022-07-16 16:23:44,609 - Time Taken in mins: 0.01673647165298462
